<?xml version="1.0" encoding="UTF-8"?>
<testng-results ignored="0" total="2" passed="2" failed="0" skipped="0">
  <reporter-output>
  </reporter-output>
  <suite started-at="2023-12-04T12:30:06 IST" name="Default suite" finished-at="2023-12-04T12:31:11 IST" duration-ms="65527">
    <groups>
    </groups>
    <test started-at="2023-12-04T12:30:06 IST" name="Default test" finished-at="2023-12-04T12:31:11 IST" duration-ms="65527">
      <class name="Test_Class.SwagLabTestClass">
        <test-method is-config="true" signature="openBrowser()[pri:0, instance:Test_Class.SwagLabTestClass@5bf0d49]" started-at="2023-12-04T12:30:06 IST" name="openBrowser" finished-at="2023-12-04T12:30:20 IST" duration-ms="14207" status="PASS">
          <reporter-output>
          </reporter-output>
        </test-method> <!-- openBrowser -->
        <test-method is-config="true" signature="loginToApp()[pri:0, instance:Test_Class.SwagLabTestClass@5bf0d49]" started-at="2023-12-04T12:30:20 IST" name="loginToApp" finished-at="2023-12-04T12:30:28 IST" duration-ms="7916" status="PASS">
          <reporter-output>
          </reporter-output>
        </test-method> <!-- loginToApp -->
        <test-method signature="addToCart()[pri:0, instance:Test_Class.SwagLabTestClass@5bf0d49]" started-at="2023-12-04T12:30:28 IST" name="addToCart" finished-at="2023-12-04T12:30:29 IST" duration-ms="826" status="PASS">
          <reporter-output>
          </reporter-output>
        </test-method> <!-- addToCart -->
        <test-method is-config="true" signature="logoutFromApp(org.testng.ITestResult)[pri:0, instance:Test_Class.SwagLabTestClass@5bf0d49]" started-at="2023-12-04T12:30:29 IST" name="logoutFromApp" finished-at="2023-12-04T12:30:31 IST" duration-ms="2503" status="PASS">
          <params>
            <param index="0">
              <value>
                <![CDATA[[TestResult name=addToCart status=SUCCESS method=SwagLabTestClass.addToCart()[pri:0, instance:Test_Class.SwagLabTestClass@5bf0d49] output={null}]]]>
              </value>
            </param>
          </params>
          <reporter-output>
          </reporter-output>
        </test-method> <!-- logoutFromApp -->
        <test-method is-config="true" signature="loginToApp()[pri:0, instance:Test_Class.SwagLabTestClass@5bf0d49]" started-at="2023-12-04T12:30:31 IST" name="loginToApp" finished-at="2023-12-04T12:30:39 IST" duration-ms="7823" status="PASS">
          <reporter-output>
          </reporter-output>
        </test-method> <!-- loginToApp -->
        <test-method signature="verifyTitle()[pri:0, instance:Test_Class.SwagLabTestClass@5bf0d49]" started-at="2023-12-04T12:30:39 IST" name="verifyTitle" finished-at="2023-12-04T12:31:05 IST" duration-ms="25513" status="PASS">
          <reporter-output>
          </reporter-output>
        </test-method> <!-- verifyTitle -->
        <test-method is-config="true" signature="logoutFromApp(org.testng.ITestResult)[pri:0, instance:Test_Class.SwagLabTestClass@5bf0d49]" started-at="2023-12-04T12:31:05 IST" name="logoutFromApp" finished-at="2023-12-04T12:31:07 IST" duration-ms="2488" status="PASS">
          <params>
            <param index="0">
              <value>
                <![CDATA[[TestResult name=verifyTitle status=SUCCESS method=SwagLabTestClass.verifyTitle()[pri:0, instance:Test_Class.SwagLabTestClass@5bf0d49] output={null}]]]>
              </value>
            </param>
          </params>
          <reporter-output>
          </reporter-output>
        </test-method> <!-- logoutFromApp -->
        <test-method is-config="true" signature="closeBrowser()[pri:0, instance:Test_Class.SwagLabTestClass@5bf0d49]" started-at="2023-12-04T12:31:07 IST" name="closeBrowser" finished-at="2023-12-04T12:31:11 IST" duration-ms="4061" status="PASS">
          <reporter-output>
          </reporter-output>
        </test-method> <!-- closeBrowser -->
      </class> <!-- Test_Class.SwagLabTestClass -->
    </test> <!-- Default test -->
  </suite> <!-- Default suite -->
</testng-results>
